<?xml version="1.0" encoding="UTF-8"?>
<coverage generated="1606133714388" clover="3.2.0">
  <project timestamp="1606133714388" name="All files">
    <metrics statements="7" coveredstatements="0" conditionals="0" coveredconditionals="0" methods="2" coveredmethods="0" elements="9" coveredelements="0" complexity="0" loc="7" ncloc="7" packages="3" files="4" classes="4"/>
    <package name="components.landing">
      <metrics statements="2" coveredstatements="0" conditionals="0" coveredconditionals="0" methods="1" coveredmethods="0"/>
      <file name="index.vue" path="/Users/takenobusasatani/FreeSpace/16_Portfolio/deploy/portfolio/components/landing/index.vue">
        <metrics statements="1" coveredstatements="0" conditionals="0" coveredconditionals="0" methods="0" coveredmethods="0"/>
        <line num="7" count="0" type="stmt"/>
      </file>
      <file name="profile.vue" path="/Users/takenobusasatani/FreeSpace/16_Portfolio/deploy/portfolio/components/landing/profile.vue">
        <metrics statements="1" coveredstatements="0" conditionals="0" coveredconditionals="0" methods="1" coveredmethods="0"/>
        <line num="35" count="0" type="stmt"/>
      </file>
    </package>
    <package name="components.skillsets">
      <metrics statements="1" coveredstatements="0" conditionals="0" coveredconditionals="0" methods="1" coveredmethods="0"/>
      <file name="index.vue" path="/Users/takenobusasatani/FreeSpace/16_Portfolio/deploy/portfolio/components/skillsets/index.vue">
        <metrics statements="1" coveredstatements="0" conditionals="0" coveredconditionals="0" methods="1" coveredmethods="0"/>
        <line num="33" count="0" type="stmt"/>
      </file>
    </package>
    <package name="pages">
      <metrics statements="4" coveredstatements="0" conditionals="0" coveredconditionals="0" methods="0" coveredmethods="0"/>
      <file name="index.vue" path="/Users/takenobusasatani/FreeSpace/16_Portfolio/deploy/portfolio/pages/index.vue">
        <metrics statements="4" coveredstatements="0" conditionals="0" coveredconditionals="0" methods="0" coveredmethods="0"/>
        <line num="9" count="0" type="stmt"/>
        <line num="10" count="0" type="stmt"/>
        <line num="12" count="0" type="stmt"/>
        <line num="13" count="0" type="stmt"/>
      </file>
    </package>
  </project>
</coverage>
