{"/Users/takenobusasatani/FreeSpace/16_Portfolio/deploy/portfolio/components/landing/index.vue": {"path":"/Users/takenobusasatani/FreeSpace/16_Portfolio/deploy/portfolio/components/landing/index.vue","statementMap":{"0":{"start":{"line":7,"column":0},"end":{"line":7,"column":null}}},"fnMap":{},"branchMap":{},"s":{"0":0},"f":{},"b":{}}
,"/Users/takenobusasatani/FreeSpace/16_Portfolio/deploy/portfolio/components/landing/profile.vue": {"path":"/Users/takenobusasatani/FreeSpace/16_Portfolio/deploy/portfolio/components/landing/profile.vue","statementMap":{"0":{"start":{"line":35,"column":0},"end":{"line":35,"column":null}}},"fnMap":{"0":{"name":"(anonymous_1)","decl":{"start":{"line":34,"column":0},"end":{"line":34,"column":null}},"loc":{"start":{"line":34,"column":0},"end":{"line":58,"column":null}}}},"branchMap":{},"s":{"0":0},"f":{"0":0},"b":{}}
,"/Users/takenobusasatani/FreeSpace/16_Portfolio/deploy/portfolio/components/skillsets/index.vue": {"path":"/Users/takenobusasatani/FreeSpace/16_Portfolio/deploy/portfolio/components/skillsets/index.vue","statementMap":{"0":{"start":{"line":33,"column":0},"end":{"line":33,"column":null}}},"fnMap":{"0":{"name":"(anonymous_1)","decl":{"start":{"line":32,"column":0},"end":{"line":32,"column":null}},"loc":{"start":{"line":32,"column":0},"end":{"line":49,"column":null}}}},"branchMap":{},"s":{"0":0},"f":{"0":0},"b":{}}
,"/Users/takenobusasatani/FreeSpace/16_Portfolio/deploy/portfolio/pages/index.vue": {"path":"/Users/takenobusasatani/FreeSpace/16_Portfolio/deploy/portfolio/pages/index.vue","statementMap":{"0":{"start":{"line":9,"column":0},"end":{"line":9,"column":null}},"1":{"start":{"line":10,"column":0},"end":{"line":10,"column":null}},"2":{"start":{"line":12,"column":0},"end":{"line":12,"column":null}},"3":{"start":{"line":13,"column":0},"end":{"line":13,"column":null}}},"fnMap":{},"branchMap":{},"s":{"0":0,"1":0,"2":0,"3":0},"f":{},"b":{}}
}
